This is pdfTeX, Version 3.141592653-2.6-1.40.24 (TeX Live 2022/Arch Linux) (preloaded format=pdflatex 2022.10.5)  12 OCT 2022 16:36
entering extended mode
 restricted \write18 enabled.
 %&-line parsing enabled.
**51-biblio.tex
(./51-biblio.tex
LaTeX2e <2021-11-15> patch level 1
L3 programming layer <2022-04-10>
\bibdata{51-biblio}
No file 51-biblio.bbl.
)
! Emergency stop.
<*> 51-biblio.tex
                 
*** (job aborted, no legal \end found)

 
Here is how much of TeX's memory you used:
 19 strings out of 478238
 444 string characters out of 5850456
 289994 words of memory out of 5000000
 18357 multiletter control sequences out of 15000+600000
 469259 words of font info for 28 fonts, out of 8000000 for 9000
 1141 hyphenation exceptions out of 8191
 16i,0n,26p,155b,18s stack positions out of 5000i,500n,10000p,200000b,80000s
!  ==> Fatal error occurred, no output PDF file produced!
